[0322/193004.033:INFO:CONSOLE(66)] "You must enable Billing on the Google Cloud Project at https://console.cloud.google.com/project/_/billing/enable Learn more at https://developers.google.com/maps/gmp-get-started", source: https://maps.googleapis.com/maps/api/js?key=AIzaSyCy-fMWerzvXcPCV0FDI07hW2DAzs_mnpY&callback=initMap (66)
[0322/193005.636:INFO:CONSOLE(22)] "Here I am !!!", source: https://cn1app/streams/1 (22)
[0322/193018.946:WARNING:spdy_session.cc(3365)] Received HEADERS for invalid stream 113
[0322/193024.649:WARNING:spdy_session.cc(3365)] Received HEADERS for invalid stream 193
[0322/193024.650:WARNING:spdy_session.cc(3365)] Received HEADERS for invalid stream 197
[0322/193024.650:WARNING:spdy_session.cc(3365)] Received HEADERS for invalid stream 195
[0322/193315.438:INFO:CONSOLE(66)] "You must enable Billing on the Google Cloud Project at https://console.cloud.google.com/project/_/billing/enable Learn more at https://developers.google.com/maps/gmp-get-started", source: https://maps.googleapis.com/maps/api/js?key=AIzaSyCy-fMWerzvXcPCV0FDI07hW2DAzs_mnpY&callback=initMap (66)
[0322/193322.598:INFO:CONSOLE(22)] "Here I am !!!", source: https://cn1app/streams/1 (22)
[0322/193647.731:INFO:CONSOLE(66)] "You must enable Billing on the Google Cloud Project at https://console.cloud.google.com/project/_/billing/enable Learn more at https://developers.google.com/maps/gmp-get-started", source: https://maps.googleapis.com/maps/api/js?key=AIzaSyCy-fMWerzvXcPCV0FDI07hW2DAzs_mnpY&callback=initMap (66)
[0322/193655.192:INFO:CONSOLE(22)] "Here I am !!!", source: https://cn1app/streams/1 (22)
[0322/193709.998:WARNING:spdy_session.cc(3365)] Received HEADERS for invalid stream 159
[0322/193710.001:WARNING:spdy_session.cc(3365)] Received HEADERS for invalid stream 161
[0322/193710.014:WARNING:spdy_session.cc(3365)] Received HEADERS for invalid stream 141
[0322/193710.028:WARNING:spdy_session.cc(3365)] Received HEADERS for invalid stream 143
[0322/193710.045:WARNING:spdy_session.cc(3365)] Received HEADERS for invalid stream 157
[0322/193710.075:WARNING:spdy_session.cc(3365)] Received HEADERS for invalid stream 155
[0322/193944.002:INFO:CONSOLE(66)] "You must enable Billing on the Google Cloud Project at https://console.cloud.google.com/project/_/billing/enable Learn more at https://developers.google.com/maps/gmp-get-started", source: https://maps.googleapis.com/maps/api/js?key=AIzaSyCy-fMWerzvXcPCV0FDI07hW2DAzs_mnpY&callback=initMap (66)
[0322/193950.779:INFO:CONSOLE(22)] "Here I am !!!", source: https://cn1app/streams/1 (22)
[0322/194008.785:WARNING:spdy_session.cc(3365)] Received HEADERS for invalid stream 207
[0322/194008.790:WARNING:spdy_session.cc(3365)] Received HEADERS for invalid stream 209
[0322/194008.797:WARNING:spdy_session.cc(3365)] Received HEADERS for invalid stream 211
[0322/194008.797:WARNING:spdy_session.cc(3365)] Received HEADERS for invalid stream 213
[0322/194008.800:WARNING:spdy_session.cc(3365)] Received HEADERS for invalid stream 215
[0322/194008.879:WARNING:spdy_session.cc(3365)] Received HEADERS for invalid stream 217
[0322/194127.260:INFO:CONSOLE(66)] "You must enable Billing on the Google Cloud Project at https://console.cloud.google.com/project/_/billing/enable Learn more at https://developers.google.com/maps/gmp-get-started", source: https://maps.googleapis.com/maps/api/js?key=AIzaSyCy-fMWerzvXcPCV0FDI07hW2DAzs_mnpY&callback=initMap (66)
[0322/194131.753:WARNING:spdy_session.cc(3365)] Received HEADERS for invalid stream 91
[0322/194131.760:WARNING:spdy_session.cc(3365)] Received HEADERS for invalid stream 93
[0322/194131.765:WARNING:spdy_session.cc(3365)] Received HEADERS for invalid stream 95
[0322/194132.068:WARNING:spdy_session.cc(3365)] Received HEADERS for invalid stream 101
[0322/194132.069:WARNING:spdy_session.cc(3365)] Received HEADERS for invalid stream 103
[0322/194132.077:WARNING:spdy_session.cc(3365)] Received HEADERS for invalid stream 105
[0322/194132.085:WARNING:spdy_session.cc(3365)] Received HEADERS for invalid stream 107
[0322/194132.104:WARNING:spdy_session.cc(3365)] Received HEADERS for invalid stream 113
[0322/194132.111:WARNING:spdy_session.cc(3365)] Received HEADERS for invalid stream 111
[0322/194132.112:WARNING:spdy_session.cc(3365)] Received HEADERS for invalid stream 109
[0322/194132.113:WARNING:spdy_session.cc(3365)] Received HEADERS for invalid stream 115
[0322/194134.806:INFO:CONSOLE(22)] "Here I am !!!", source: https://cn1app/streams/1 (22)
[0322/194135.270:WARNING:spdy_session.cc(3365)] Received HEADERS for invalid stream 199
[0322/194135.270:WARNING:spdy_session.cc(3365)] Received HEADERS for invalid stream 201
[0322/194135.281:WARNING:spdy_session.cc(3365)] Received HEADERS for invalid stream 203
[0322/194135.282:WARNING:spdy_session.cc(3365)] Received HEADERS for invalid stream 205
[0322/194135.287:WARNING:spdy_session.cc(3365)] Received HEADERS for invalid stream 207
[0322/194135.345:WARNING:spdy_session.cc(3365)] Received HEADERS for invalid stream 209
[0322/194414.248:INFO:CONSOLE(66)] "You must enable Billing on the Google Cloud Project at https://console.cloud.google.com/project/_/billing/enable Learn more at https://developers.google.com/maps/gmp-get-started", source: https://maps.googleapis.com/maps/api/js?key=AIzaSyCy-fMWerzvXcPCV0FDI07hW2DAzs_mnpY&callback=initMap (66)
[0322/194416.338:WARNING:spdy_session.cc(3365)] Received HEADERS for invalid stream 75
[0322/194416.347:WARNING:spdy_session.cc(3365)] Received HEADERS for invalid stream 77
[0322/194416.397:WARNING:spdy_session.cc(3365)] Received HEADERS for invalid stream 81
[0322/194416.399:WARNING:spdy_session.cc(3365)] Received HEADERS for invalid stream 79
[0322/194416.402:WARNING:spdy_session.cc(3365)] Received HEADERS for invalid stream 85
[0322/194416.404:WARNING:spdy_session.cc(3365)] Received HEADERS for invalid stream 83
[0322/194416.406:WARNING:spdy_session.cc(3365)] Received HEADERS for invalid stream 87
[0322/194416.409:WARNING:spdy_session.cc(3365)] Received HEADERS for invalid stream 89
[0322/194416.409:WARNING:spdy_session.cc(3365)] Received HEADERS for invalid stream 93
[0322/194416.415:WARNING:spdy_session.cc(3365)] Received HEADERS for invalid stream 97
[0322/194416.418:WARNING:spdy_session.cc(3365)] Received HEADERS for invalid stream 91
[0322/194416.424:WARNING:spdy_session.cc(3365)] Received HEADERS for invalid stream 95
[0322/194420.839:WARNING:spdy_session.cc(3365)] Received HEADERS for invalid stream 209
[0322/194421.489:INFO:CONSOLE(22)] "Here I am !!!", source: https://cn1app/streams/1 (22)
[0322/194446.301:INFO:CONSOLE(66)] "You must enable Billing on the Google Cloud Project at https://console.cloud.google.com/project/_/billing/enable Learn more at https://developers.google.com/maps/gmp-get-started", source: https://maps.googleapis.com/maps/api/js?key=AIzaSyCy-fMWerzvXcPCV0FDI07hW2DAzs_mnpY&callback=initMap (66)
[0322/194447.968:WARNING:spdy_session.cc(3365)] Received HEADERS for invalid stream 79
[0322/194447.977:WARNING:spdy_session.cc(3365)] Received HEADERS for invalid stream 81
[0322/194447.986:WARNING:spdy_session.cc(3365)] Received HEADERS for invalid stream 83
[0322/194447.997:WARNING:spdy_session.cc(3365)] Received HEADERS for invalid stream 85
[0322/194447.997:WARNING:spdy_session.cc(3365)] Received HEADERS for invalid stream 87
[0322/194447.997:WARNING:spdy_session.cc(3365)] Received HEADERS for invalid stream 89
[0322/194447.997:WARNING:spdy_session.cc(3365)] Received HEADERS for invalid stream 91
[0322/194448.014:WARNING:spdy_session.cc(3365)] Received HEADERS for invalid stream 93
[0322/194448.015:WARNING:spdy_session.cc(3365)] Received HEADERS for invalid stream 95
[0322/194448.025:WARNING:spdy_session.cc(3365)] Received HEADERS for invalid stream 97
[0322/194453.888:INFO:CONSOLE(22)] "Here I am !!!", source: https://cn1app/streams/1 (22)
[0322/194533.682:INFO:CONSOLE(66)] "You must enable Billing on the Google Cloud Project at https://console.cloud.google.com/project/_/billing/enable Learn more at https://developers.google.com/maps/gmp-get-started", source: https://maps.googleapis.com/maps/api/js?key=AIzaSyCy-fMWerzvXcPCV0FDI07hW2DAzs_mnpY&callback=initMap (66)
[0322/194538.282:INFO:CONSOLE(22)] "Here I am !!!", source: https://cn1app/streams/1 (22)
[0322/194539.180:WARNING:spdy_session.cc(3365)] Received HEADERS for invalid stream 79
[0322/194539.180:WARNING:spdy_session.cc(3365)] Received HEADERS for invalid stream 81
[0322/194539.180:WARNING:spdy_session.cc(3365)] Received HEADERS for invalid stream 83
[0322/194539.180:WARNING:spdy_session.cc(3365)] Received HEADERS for invalid stream 85
[0322/194539.187:WARNING:spdy_session.cc(3365)] Received HEADERS for invalid stream 87
[0322/194539.190:WARNING:spdy_session.cc(3365)] Received HEADERS for invalid stream 89
[0322/194539.190:WARNING:spdy_session.cc(3365)] Received HEADERS for invalid stream 91
[0322/194539.190:WARNING:spdy_session.cc(3365)] Received HEADERS for invalid stream 93
[0322/194539.567:WARNING:spdy_session.cc(3365)] Received HEADERS for invalid stream 111
[0322/194539.567:WARNING:spdy_session.cc(3365)] Received HEADERS for invalid stream 113
[0322/194539.588:WARNING:spdy_session.cc(3365)] Received HEADERS for invalid stream 115
[0322/194548.548:WARNING:spdy_session.cc(3365)] Received HEADERS for invalid stream 151
[0322/194548.548:WARNING:spdy_session.cc(3365)] Received HEADERS for invalid stream 153
[0322/194548.549:WARNING:spdy_session.cc(3365)] Received HEADERS for invalid stream 155
[0322/194623.579:INFO:CONSOLE(66)] "You must enable Billing on the Google Cloud Project at https://console.cloud.google.com/project/_/billing/enable Learn more at https://developers.google.com/maps/gmp-get-started", source: https://maps.googleapis.com/maps/api/js?key=AIzaSyCy-fMWerzvXcPCV0FDI07hW2DAzs_mnpY&callback=initMap (66)
[0322/194630.217:INFO:CONSOLE(22)] "Here I am !!!", source: https://cn1app/streams/1 (22)
[0322/194743.452:INFO:CONSOLE(66)] "You must enable Billing on the Google Cloud Project at https://console.cloud.google.com/project/_/billing/enable Learn more at https://developers.google.com/maps/gmp-get-started", source: https://maps.googleapis.com/maps/api/js?key=AIzaSyCy-fMWerzvXcPCV0FDI07hW2DAzs_mnpY&callback=initMap (66)
[0322/194749.835:INFO:CONSOLE(22)] "Here I am !!!", source: https://cn1app/streams/1 (22)
[0322/194815.159:WARNING:dns_config_service_win.cc(700)] Failed to read DnsConfig.
[0322/194815.159:WARNING:dns_config_service_win.cc(700)] Failed to read DnsConfig.
[0322/194820.296:WARNING:dns_config_service_win.cc(700)] Failed to read DnsConfig.
[0322/194820.296:WARNING:dns_config_service_win.cc(700)] Failed to read DnsConfig.
[0322/194825.318:WARNING:dns_config_service_win.cc(700)] Failed to read DnsConfig.
[0322/194825.318:WARNING:dns_config_service_win.cc(700)] Failed to read DnsConfig.
[0322/195059.460:INFO:CONSOLE(66)] "You must enable Billing on the Google Cloud Project at https://console.cloud.google.com/project/_/billing/enable Learn more at https://developers.google.com/maps/gmp-get-started", source: https://maps.googleapis.com/maps/api/js?key=AIzaSyCy-fMWerzvXcPCV0FDI07hW2DAzs_mnpY&callback=initMap (66)
[0322/195106.712:INFO:CONSOLE(22)] "Here I am !!!", source: https://cn1app/streams/1 (22)
[0322/195129.276:WARNING:spdy_session.cc(3365)] Received HEADERS for invalid stream 253
[0322/195129.379:WARNING:spdy_session.cc(3365)] Received HEADERS for invalid stream 257
[0322/195129.423:WARNING:spdy_session.cc(3365)] Received HEADERS for invalid stream 255
[0322/195129.433:WARNING:spdy_session.cc(3365)] Received HEADERS for invalid stream 259
[0322/195131.871:WARNING:spdy_session.cc(3365)] Received HEADERS for invalid stream 269
[0322/195132.038:WARNING:spdy_session.cc(3365)] Received HEADERS for invalid stream 271
[0322/195132.067:WARNING:spdy_session.cc(3365)] Received HEADERS for invalid stream 273
[0322/195215.321:INFO:CONSOLE(66)] "You must enable Billing on the Google Cloud Project at https://console.cloud.google.com/project/_/billing/enable Learn more at https://developers.google.com/maps/gmp-get-started", source: https://maps.googleapis.com/maps/api/js?key=AIzaSyCy-fMWerzvXcPCV0FDI07hW2DAzs_mnpY&callback=initMap (66)
[0322/195222.505:INFO:CONSOLE(22)] "Here I am !!!", source: https://cn1app/streams/1 (22)
[0322/195247.829:WARNING:spdy_session.cc(3365)] Received HEADERS for invalid stream 321
[0322/195247.833:WARNING:spdy_session.cc(3365)] Received HEADERS for invalid stream 323
[0322/195247.834:WARNING:spdy_session.cc(3365)] Received HEADERS for invalid stream 325
[0322/195247.836:WARNING:spdy_session.cc(3365)] Received HEADERS for invalid stream 327
[0322/195247.866:WARNING:spdy_session.cc(3365)] Received HEADERS for invalid stream 329
[0322/195247.873:WARNING:spdy_session.cc(3365)] Received HEADERS for invalid stream 331
[0322/195248.371:WARNING:spdy_session.cc(3365)] Received HEADERS for invalid stream 355
[0322/195248.382:WARNING:spdy_session.cc(3365)] Received HEADERS for invalid stream 357
[0322/195248.388:WARNING:spdy_session.cc(3365)] Received HEADERS for invalid stream 359
[0322/195248.570:WARNING:spdy_session.cc(3365)] Received HEADERS for invalid stream 371
[0322/195248.571:WARNING:spdy_session.cc(3365)] Received HEADERS for invalid stream 373
[0322/195248.579:WARNING:spdy_session.cc(3365)] Received HEADERS for invalid stream 375
[0322/195248.595:WARNING:spdy_session.cc(3365)] Received HEADERS for invalid stream 377
[0322/195249.016:WARNING:spdy_session.cc(3365)] Received HEADERS for invalid stream 385
[0322/195249.018:WARNING:spdy_session.cc(3365)] Received HEADERS for invalid stream 387
[0322/195304.394:INFO:CONSOLE(66)] "You must enable Billing on the Google Cloud Project at https://console.cloud.google.com/project/_/billing/enable Learn more at https://developers.google.com/maps/gmp-get-started", source: https://maps.googleapis.com/maps/api/js?key=AIzaSyCy-fMWerzvXcPCV0FDI07hW2DAzs_mnpY&callback=initMap (66)
[0322/195311.684:INFO:CONSOLE(22)] "Here I am !!!", source: https://cn1app/streams/1 (22)
[0322/195341.253:INFO:CONSOLE(66)] "You must enable Billing on the Google Cloud Project at https://console.cloud.google.com/project/_/billing/enable Learn more at https://developers.google.com/maps/gmp-get-started", source: https://maps.googleapis.com/maps/api/js?key=AIzaSyCy-fMWerzvXcPCV0FDI07hW2DAzs_mnpY&callback=initMap (66)
[0322/195348.421:INFO:CONSOLE(22)] "Here I am !!!", source: https://cn1app/streams/1 (22)
[0322/195415.120:INFO:CONSOLE(66)] "You must enable Billing on the Google Cloud Project at https://console.cloud.google.com/project/_/billing/enable Learn more at https://developers.google.com/maps/gmp-get-started", source: https://maps.googleapis.com/maps/api/js?key=AIzaSyCy-fMWerzvXcPCV0FDI07hW2DAzs_mnpY&callback=initMap (66)
[0322/195422.065:INFO:CONSOLE(22)] "Here I am !!!", source: https://cn1app/streams/1 (22)
[0322/195430.227:ERROR:tile_manager.cc(793)] WARNING: tile memory limits exceeded, some content may not draw
[0322/195430.265:ERROR:tile_manager.cc(793)] WARNING: tile memory limits exceeded, some content may not draw
[0322/195430.396:ERROR:tile_manager.cc(793)] WARNING: tile memory limits exceeded, some content may not draw
[0322/195430.461:ERROR:tile_manager.cc(793)] WARNING: tile memory limits exceeded, some content may not draw
[0322/195430.551:ERROR:tile_manager.cc(793)] WARNING: tile memory limits exceeded, some content may not draw
[0322/195430.657:ERROR:tile_manager.cc(793)] WARNING: tile memory limits exceeded, some content may not draw
[0322/195430.705:ERROR:tile_manager.cc(793)] WARNING: tile memory limits exceeded, some content may not draw
[0322/195430.784:ERROR:tile_manager.cc(793)] WARNING: tile memory limits exceeded, some content may not draw
[0322/195430.830:ERROR:tile_manager.cc(793)] WARNING: tile memory limits exceeded, some content may not draw
[0322/195430.886:ERROR:tile_manager.cc(793)] WARNING: tile memory limits exceeded, some content may not draw
[0322/195439.353:WARNING:spdy_session.cc(3365)] Received HEADERS for invalid stream 457
[0322/195439.359:WARNING:spdy_session.cc(3365)] Received HEADERS for invalid stream 455
[0322/195439.365:WARNING:spdy_session.cc(3365)] Received HEADERS for invalid stream 459
[0322/195439.373:WARNING:spdy_session.cc(3365)] Received HEADERS for invalid stream 461
[0322/195439.380:WARNING:spdy_session.cc(3365)] Received HEADERS for invalid stream 463
[0322/195439.385:WARNING:spdy_session.cc(3365)] Received HEADERS for invalid stream 465
[0322/195439.394:WARNING:spdy_session.cc(3365)] Received HEADERS for invalid stream 467
[0322/195439.400:WARNING:spdy_session.cc(3365)] Received HEADERS for invalid stream 469
[0322/195439.403:WARNING:spdy_session.cc(3365)] Received HEADERS for invalid stream 473
[0322/195439.413:WARNING:spdy_session.cc(3365)] Received HEADERS for invalid stream 471
[0322/195439.425:WARNING:spdy_session.cc(3365)] Received HEADERS for invalid stream 475
[0322/195441.812:WARNING:spdy_session.cc(3365)] Received HEADERS for invalid stream 533
[0322/195441.816:WARNING:spdy_session.cc(3365)] Received HEADERS for invalid stream 535
[0322/195441.819:WARNING:spdy_session.cc(3365)] Received HEADERS for invalid stream 537
[0322/195441.824:WARNING:spdy_session.cc(3365)] Received HEADERS for invalid stream 539
[0322/195441.824:WARNING:spdy_session.cc(3365)] Received HEADERS for invalid stream 541
[0322/195441.824:WARNING:spdy_session.cc(3365)] Received HEADERS for invalid stream 543
[0322/195441.828:WARNING:spdy_session.cc(3365)] Received HEADERS for invalid stream 545
[0322/195441.838:WARNING:spdy_session.cc(3365)] Received HEADERS for invalid stream 547
[0322/195441.839:WARNING:spdy_session.cc(3365)] Received HEADERS for invalid stream 549
[0322/195441.839:WARNING:spdy_session.cc(3365)] Received HEADERS for invalid stream 551
[0322/195441.840:WARNING:spdy_session.cc(3365)] Received HEADERS for invalid stream 553
[0322/195502.017:INFO:CONSOLE(66)] "You must enable Billing on the Google Cloud Project at https://console.cloud.google.com/project/_/billing/enable Learn more at https://developers.google.com/maps/gmp-get-started", source: https://maps.googleapis.com/maps/api/js?key=AIzaSyCy-fMWerzvXcPCV0FDI07hW2DAzs_mnpY&callback=initMap (66)
[0322/195509.243:INFO:CONSOLE(22)] "Here I am !!!", source: https://cn1app/streams/1 (22)
[0322/195537.970:INFO:CONSOLE(66)] "You must enable Billing on the Google Cloud Project at https://console.cloud.google.com/project/_/billing/enable Learn more at https://developers.google.com/maps/gmp-get-started", source: https://maps.googleapis.com/maps/api/js?key=AIzaSyCy-fMWerzvXcPCV0FDI07hW2DAzs_mnpY&callback=initMap (66)
[0322/195545.483:INFO:CONSOLE(22)] "Here I am !!!", source: https://cn1app/streams/1 (22)
[0322/195553.199:ERROR:tile_manager.cc(793)] WARNING: tile memory limits exceeded, some content may not draw
[0322/195553.213:ERROR:tile_manager.cc(793)] WARNING: tile memory limits exceeded, some content may not draw
[0322/195553.249:ERROR:tile_manager.cc(793)] WARNING: tile memory limits exceeded, some content may not draw
[0322/195553.268:ERROR:tile_manager.cc(793)] WARNING: tile memory limits exceeded, some content may not draw
[0322/195553.286:ERROR:tile_manager.cc(793)] WARNING: tile memory limits exceeded, some content may not draw
[0322/195553.304:ERROR:tile_manager.cc(793)] WARNING: tile memory limits exceeded, some content may not draw
[0322/195553.325:ERROR:tile_manager.cc(793)] WARNING: tile memory limits exceeded, some content may not draw
[0322/195553.375:ERROR:tile_manager.cc(793)] WARNING: tile memory limits exceeded, some content may not draw
[0322/195553.398:ERROR:tile_manager.cc(793)] WARNING: tile memory limits exceeded, some content may not draw
[0322/195553.471:ERROR:tile_manager.cc(793)] WARNING: tile memory limits exceeded, some content may not draw
[0322/195553.504:ERROR:tile_manager.cc(793)] WARNING: tile memory limits exceeded, some content may not draw
[0322/195553.541:ERROR:tile_manager.cc(793)] WARNING: tile memory limits exceeded, some content may not draw
[0322/195553.753:ERROR:tile_manager.cc(793)] WARNING: tile memory limits exceeded, some content may not draw
[0322/195553.835:ERROR:tile_manager.cc(793)] WARNING: tile memory limits exceeded, some content may not draw
[0322/195557.939:ERROR:tile_manager.cc(793)] WARNING: tile memory limits exceeded, some content may not draw
[0322/195558.025:ERROR:tile_manager.cc(793)] WARNING: tile memory limits exceeded, some content may not draw
[0322/195558.086:ERROR:tile_manager.cc(793)] WARNING: tile memory limits exceeded, some content may not draw
[0322/195606.595:WARNING:spdy_session.cc(3365)] Received HEADERS for invalid stream 407
[0322/195606.595:WARNING:spdy_session.cc(3365)] Received HEADERS for invalid stream 409
[0322/195606.596:WARNING:spdy_session.cc(3365)] Received HEADERS for invalid stream 411
[0322/195606.601:WARNING:spdy_session.cc(3365)] Received HEADERS for invalid stream 413
[0322/195606.762:WARNING:spdy_session.cc(3365)] Received HEADERS for invalid stream 435
[0322/195606.762:WARNING:spdy_session.cc(3365)] Received HEADERS for invalid stream 437
[0322/195606.762:WARNING:spdy_session.cc(3365)] Received HEADERS for invalid stream 439
[0322/195606.786:WARNING:spdy_session.cc(3365)] Received HEADERS for invalid stream 427
[0322/195607.209:WARNING:spdy_session.cc(3365)] Received HEADERS for invalid stream 445
[0322/195607.213:WARNING:spdy_session.cc(3365)] Received HEADERS for invalid stream 449
[0322/195607.219:WARNING:spdy_session.cc(3365)] Received HEADERS for invalid stream 451
[0322/195607.222:WARNING:spdy_session.cc(3365)] Received HEADERS for invalid stream 453
[0322/195607.223:WARNING:spdy_session.cc(3365)] Received HEADERS for invalid stream 457
[0322/195607.229:WARNING:spdy_session.cc(3365)] Received HEADERS for invalid stream 459
